<?xml version="1.0" encoding="UTF-8"?>
<!-- Generated by org.testng.reporters.JUnitReportReporter -->
<testsuite skipped="0" hostname="Nata-PC" name="testcasees.LoginTest" tests="2" failures="0" timestamp="25 Oct 2019 10:12:52 GMT" time="31.761" errors="0">
  <testcase name="getTitle" time="16.732" classname="testcasees.LoginTest"/>
  <testcase name="LoginintoNaukari" time="15.029" classname="testcasees.LoginTest"/>
</testsuite> <!-- testcasees.LoginTest -->
